<?xml version="1.0" encoding="UTF-8"?>
<!-- Generated by org.testng.reporters.JUnitReportReporter -->
<testsuite hostname="Mohammad" failures="0" tests="5" name="tests.LoggingInTests" time="15.442" errors="0" timestamp="2022-12-23T21:06:39 EST" skipped="0">
  <testcase classname="tests.LoggingInTests" name="invalidLogin" time="5.575"/>
  <system-out/>
  <testcase classname="tests.LoggingInTests" name="validLogin" time="3.726"/>
  <system-out/>
  <testcase classname="tests.LoggingInTests" name="invalidLogin" time="2.450"/>
  <system-out/>
  <testcase classname="tests.LoggingInTests" name="invalidLogin" time="1.798"/>
  <system-out/>
  <testcase classname="tests.LoggingInTests" name="invalidLogin" time="1.893"/>
  <system-out/>
</testsuite> <!-- tests.LoggingInTests -->
