<?xml version="1.0" encoding="UTF-8"?>
<!-- Generated by org.testng.reporters.JUnitReportReporter -->
<testsuite hostname="Mohammad" failures="0" tests="2" name="craterTests.UI_DBvalidation" time="63.941" errors="0" timestamp="2023-01-05T23:10:23 EST" skipped="0">
  <testcase classname="craterTests.UI_DBvalidation" name="validate" time="28.952"/>
  <system-out/>
  <testcase classname="craterTests.UI_DBvalidation" name="validate2" time="34.989"/>
  <system-out/>
</testsuite> <!-- craterTests.UI_DBvalidation -->
