<?xml version="1.0" encoding="UTF-8"?>
<!-- Generated by org.testng.reporters.JUnitReportReporter -->
<testsuite hostname="Mohammad" failures="0" tests="2" name="craterTests.UI_DBvalidation" time="73.888" errors="0" timestamp="2023-01-04T14:53:14 EST" skipped="0">
  <testcase classname="craterTests.UI_DBvalidation" name="validate2" time="39.853"/>
  <system-out/>
  <testcase classname="craterTests.UI_DBvalidation" name="validate" time="34.035"/>
  <system-out/>
</testsuite> <!-- craterTests.UI_DBvalidation -->
