<?xml version="1.0" encoding="UTF-8"?>
<!-- Generated by org.testng.reporters.JUnitReportReporter -->
<testsuite hostname="Mohammad" failures="0" tests="1" name="craterTests.UI_DBvalidation" time="35.493" errors="0" timestamp="2023-01-03T22:43:00 EST" skipped="0">
  <testcase classname="craterTests.UI_DBvalidation" name="validate2" time="35.493"/>
  <system-out/>
</testsuite> <!-- craterTests.UI_DBvalidation -->
