<?xml version="1.0" encoding="UTF-8"?>
<!-- Generated by org.testng.reporters.JUnitReportReporter -->
<testsuite hostname="Mohammad" failures="0" tests="5" name="craterTests.LoggingInTests" time="92.278" errors="0" timestamp="2023-01-05T23:10:23 EST" skipped="0">
  <testcase classname="craterTests.LoggingInTests" name="invalidLogin" time="19.964"/>
  <system-out/>
  <testcase classname="craterTests.LoggingInTests" name="validLogin" time="17.576"/>
  <system-out/>
  <testcase classname="craterTests.LoggingInTests" name="invalidLogin" time="19.103"/>
  <system-out/>
  <testcase classname="craterTests.LoggingInTests" name="invalidLogin" time="19.274"/>
  <system-out/>
  <testcase classname="craterTests.LoggingInTests" name="invalidLogin" time="16.361"/>
  <system-out/>
</testsuite> <!-- craterTests.LoggingInTests -->
