<?xml version="1.0" encoding="UTF-8"?>
<!-- Generated by org.testng.reporters.JUnitReportReporter -->
<testsuite hostname="Mohammad" failures="0" tests="5" name="petStoreApiTests.PetStoreApi" time="4.553" errors="0" timestamp="2023-01-02T01:04:34 EST" skipped="0">
  <testcase classname="petStoreApiTests.PetStoreApi" name="getPetByStatus" time="0.191"/>
  <system-out/>
  <testcase classname="petStoreApiTests.PetStoreApi" name="getPetByID" time="0.296"/>
  <system-out/>
  <testcase classname="petStoreApiTests.PetStoreApi" name="updatePet" time="0.197"/>
  <system-out/>
  <testcase classname="petStoreApiTests.PetStoreApi" name="addPet" time="3.632"/>
  <system-out/>
  <testcase classname="petStoreApiTests.PetStoreApi" name="invalidIdUpdatePet" time="0.237"/>
  <system-out/>
</testsuite> <!-- petStoreApiTests.PetStoreApi -->
