<?xml version="1.0" encoding="UTF-8"?>
<!-- Generated by org.testng.reporters.JUnitReportReporter -->
<testsuite hostname="Mohammad" failures="0" tests="2" name="craterTests.Create_UpdateItemTests" time="52.261" errors="0" timestamp="2023-01-05T23:10:23 EST" skipped="0">
  <testcase classname="craterTests.Create_UpdateItemTests" name="verifyUpdating" time="27.453"/>
  <system-out/>
  <testcase classname="craterTests.Create_UpdateItemTests" name="verifyCreating" time="24.808"/>
  <system-out/>
</testsuite> <!-- craterTests.Create_UpdateItemTests -->
