<?xml version="1.0" encoding="UTF-8"?>
<!-- Generated by org.testng.reporters.JUnitReportReporter -->
<testsuite hostname="Mohammad" failures="0" tests="5" name="tests.CraterUserManagement" time="379.372" errors="0" timestamp="2022-12-23T20:54:19 EST" skipped="0">
  <testcase classname="tests.CraterUserManagement" name="invalidLogin" time="14.796"/>
  <system-out/>
  <testcase classname="tests.CraterUserManagement" name="validLogin" time="248.344"/>
  <system-out/>
  <testcase classname="tests.CraterUserManagement" name="invalidLogin" time="17.390"/>
  <system-out/>
  <testcase classname="tests.CraterUserManagement" name="invalidLogin" time="83.118"/>
  <system-out/>
  <testcase classname="tests.CraterUserManagement" name="invalidLogin" time="15.724"/>
  <system-out/>
</testsuite> <!-- tests.CraterUserManagement -->
