<?xml version="1.0" encoding="UTF-8"?>
<!-- Generated by org.testng.reporters.JUnitReportReporter -->
<testsuite hostname="Mohammad" failures="0" tests="5" name="craterTests.LoggingInTests" time="18.393" errors="0" timestamp="2023-01-04T14:51:42 EST" skipped="0">
  <testcase classname="craterTests.LoggingInTests" name="invalidLogin" time="5.928"/>
  <system-out/>
  <testcase classname="craterTests.LoggingInTests" name="invalidLogin" time="2.169"/>
  <system-out/>
  <testcase classname="craterTests.LoggingInTests" name="invalidLogin" time="2.726"/>
  <system-out/>
  <testcase classname="craterTests.LoggingInTests" name="validLogin" time="6.100"/>
  <system-out/>
  <testcase classname="craterTests.LoggingInTests" name="invalidLogin" time="1.470"/>
  <system-out/>
</testsuite> <!-- craterTests.LoggingInTests -->
